  WeaponInfo.cpp
  Pistol.cpp
  TextEntity.cpp
  SpriteEntity.cpp
  SkyBoxEntity.cpp
  SceneText.cpp
  Projectile.cpp
  PlayerInfo.cpp
  OBJMesh.cpp
  main.cpp
  Light.cpp
  GroundEntity.cpp
  GenericEntity.cpp
  FPSCamera.cpp
  EntityManager.cpp
  Application.cpp
  Generating Code...
Application.obj : warning LNK4075: ignoring '/EDITANDCONTINUE' due to '/OPT:LBR' specification
LINK : warning LNK4098: defaultlib 'MSVCRT' conflicts with use of other libs; use /NODEFAULTLIB:library
  Base.vcxproj -> C:\Users\164347E\Desktop\AGDEV\AGDEV Week01\Debug\Base.exe
  Base.vcxproj -> C:\Users\164347E\Desktop\AGDEV\AGDEV Week01\Debug\Base.pdb (Full PDB)
