c:\users\administrator.rp13048125m\desktop\agdev_assignment\base\debug\vc140.pdb
c:\users\administrator.rp13048125m\desktop\agdev_assignment\base\debug\vc140.idb
c:\users\administrator.rp13048125m\desktop\agdev_assignment\base\debug\objmesh.obj
c:\users\administrator.rp13048125m\desktop\agdev_assignment\base\debug\playerinfo.obj
c:\users\administrator.rp13048125m\desktop\agdev_assignment\base\debug\grenade.obj
c:\users\administrator.rp13048125m\desktop\agdev_assignment\base\debug\laser.obj
c:\users\administrator.rp13048125m\desktop\agdev_assignment\base\debug\projectile.obj
c:\users\administrator.rp13048125m\desktop\agdev_assignment\base\debug\scenegraph.obj
c:\users\administrator.rp13048125m\desktop\agdev_assignment\base\debug\scenenode.obj
c:\users\administrator.rp13048125m\desktop\agdev_assignment\base\debug\scenetext.obj
c:\users\administrator.rp13048125m\desktop\agdev_assignment\base\debug\skyboxentity.obj
c:\users\administrator.rp13048125m\desktop\agdev_assignment\base\debug\spatialpartition.obj
c:\users\administrator.rp13048125m\desktop\agdev_assignment\base\debug\spriteentity.obj
c:\users\administrator.rp13048125m\desktop\agdev_assignment\base\debug\textentity.obj
c:\users\administrator.rp13048125m\desktop\agdev_assignment\base\debug\transform.obj
c:\users\administrator.rp13048125m\desktop\agdev_assignment\base\debug\waypoint.obj
c:\users\administrator.rp13048125m\desktop\agdev_assignment\base\debug\waypointmanager.obj
c:\users\administrator.rp13048125m\desktop\agdev_assignment\base\debug\assaultrifle.obj
c:\users\administrator.rp13048125m\desktop\agdev_assignment\base\debug\grenadethrow.obj
c:\users\administrator.rp13048125m\desktop\agdev_assignment\base\debug\laserblaster.obj
c:\users\administrator.rp13048125m\desktop\agdev_assignment\base\debug\pistol.obj
c:\users\administrator.rp13048125m\desktop\agdev_assignment\base\debug\weaponinfo.obj
c:\users\administrator.rp13048125m\desktop\agdev_assignment\base\debug\application.obj
c:\users\administrator.rp13048125m\desktop\agdev_assignment\base\debug\cupdatetransformation.obj
c:\users\administrator.rp13048125m\desktop\agdev_assignment\base\debug\enemy.obj
c:\users\administrator.rp13048125m\desktop\agdev_assignment\base\debug\entitymanager.obj
c:\users\administrator.rp13048125m\desktop\agdev_assignment\base\debug\fpscamera.obj
c:\users\administrator.rp13048125m\desktop\agdev_assignment\base\debug\gameoverstate.obj
c:\users\administrator.rp13048125m\desktop\agdev_assignment\base\debug\introstate.obj
c:\users\administrator.rp13048125m\desktop\agdev_assignment\base\debug\menustate.obj
c:\users\administrator.rp13048125m\desktop\agdev_assignment\base\debug\genericentity.obj
c:\users\administrator.rp13048125m\desktop\agdev_assignment\base\debug\grid.obj
c:\users\administrator.rp13048125m\desktop\agdev_assignment\base\debug\groundentity.obj
c:\users\administrator.rp13048125m\desktop\agdev_assignment\base\debug\levelofdetails.obj
c:\users\administrator.rp13048125m\desktop\agdev_assignment\base\debug\light.obj
c:\users\administrator.rp13048125m\desktop\agdev_assignment\base\debug\cluainterface.obj
c:\users\administrator.rp13048125m\desktop\agdev_assignment\base\debug\main.obj
c:\users\administrator.rp13048125m\desktop\agdev_assignment\debug\base.exe
c:\users\administrator.rp13048125m\desktop\agdev_assignment\debug\base.pdb
c:\users\administrator.rp13048125m\desktop\agdev_assignment\base\debug\base.tlog\cl.command.1.tlog
c:\users\administrator.rp13048125m\desktop\agdev_assignment\base\debug\base.tlog\cl.read.1.tlog
c:\users\administrator.rp13048125m\desktop\agdev_assignment\base\debug\base.tlog\cl.write.1.tlog
c:\users\administrator.rp13048125m\desktop\agdev_assignment\base\debug\base.tlog\link.command.1.tlog
c:\users\administrator.rp13048125m\desktop\agdev_assignment\base\debug\base.tlog\link.read.1.tlog
c:\users\administrator.rp13048125m\desktop\agdev_assignment\base\debug\base.tlog\link.write.1.tlog
